app/build/outputs/logs/manifest-merger-debug-report.txt
-- Merging decision tree log ---
manifest
ADDED from AndroidManifest.xml:2:1
	package
		ADDED from AndroidManifest.xml:3:5
		INJECTED from AndroidManifest.xml:0:0
		INJECTED from AndroidManifest.xml:0:0
	android:versionName
		INJECTED from AndroidManifest.xml:0:0
		INJECTED from AndroidManifest.xml:0:0
	xmlns:android
		ADDED from AndroidManifest.xml:2:11
	android:versionCode
		INJECTED from AndroidManifest.xml:0:0
		INJECTED from AndroidManifest.xml:0:0
	android:installLocation
		ADDED from AndroidManifest.xml:4:5
uses-permission#android.permission.WRITE_EXTERNAL_STORAGE
ADDED from AndroidManifest.xml:6:5
MERGED from com.commonsware.cwac:cam2:0.2.3:10:5
	android:name
		ADDED from AndroidManifest.xml:6:22
uses-permission#com.samsung.android.providers.context.permission.WRITE_USE_APP_FEATURE_SURVEY
ADDED from AndroidManifest.xml:7:5
	android:name
		ADDED from AndroidManifest.xml:7:22
uses-feature#android.hardware.camera
ADDED from AndroidManifest.xml:9:5
MERGED from com.commonsware.cwac:cam2:0.2.3:13:5
	android:required
		ADDED from AndroidManifest.xml:11:9
	android:name
		ADDED from AndroidManifest.xml:10:9
uses-permission#android.permission.INTERNET
ADDED from AndroidManifest.xml:13:5
MERGED from com.google.android.gms:play-services-ads-lite:10.2.0:19:5
MERGED from com.google.firebase:firebase-analytics:10.2.0:20:5
MERGED from com.google.firebase:firebase-analytics-impl:10.2.0:20:5
MERGED from com.google.firebase:firebase-iid:10.2.0:20:5
	android:name
		ADDED from AndroidManifest.xml:13:22
application
ADDED from AndroidManifest.xml:15:5
MERGED from com.android.support:appcompat-v7:23.0.1:22:5
MERGED from com.android.support:support-v4:24.0.0:25:5
MERGED from com.android.support:design:23.0.1:22:5
MERGED from com.android.support:support-v4:24.0.0:25:5
MERGED from com.android.support:appcompat-v7:23.0.1:22:5
MERGED from com.android.support:support-v4:24.0.0:25:5
MERGED from org.adw.library:discrete-seekbar:1.0.0:27:5
MERGED from com.android.support:support-v4:24.0.0:25:5
MERGED from net.yazeed44.imagepicker:imagepicker:1.3.0:11:5
MERGED from com.android.support:appcompat-v7:23.0.1:22:5
MERGED from com.android.support:support-v4:24.0.0:25:5
MERGED from com.commonsware.cwac:cam2:0.2.3:26:5
MERGED from com.github.clans:fab:1.6.1:12:5
MERGED from com.android.support:support-v4:24.0.0:25:5
MERGED from com.github.chrisbanes.photoview:library:1.2.3:4:5
MERGED from com.android.support:support-v4:24.0.0:25:5
MERGED from com.android.support:design:23.0.1:22:5
MERGED from com.android.support:support-v4:24.0.0:25:5
MERGED from com.android.support:appcompat-v7:23.0.1:22:5
MERGED from com.android.support:support-v4:24.0.0:25:5
MERGED from com.melnykov:floatingactionbutton:1.3.0:12:5
MERGED from com.android.support:support-v4:24.0.0:25:5
MERGED from com.google.firebase:firebase-ads:10.2.0:5:5
MERGED from com.google.android.gms:play-services-ads-lite:10.2.0:23:5
MERGED from com.google.android.gms:play-services-basement:10.2.0:19:5
MERGED from com.android.support:support-v4:24.0.0:25:5
MERGED from com.google.android.gms:play-services-base:10.2.0:18:5
MERGED from com.google.android.gms:play-services-basement:10.2.0:19:5
MERGED from com.android.support:support-v4:24.0.0:25:5
MERGED from com.google.android.gms:play-services-tasks:10.2.0:4:5
MERGED from com.google.android.gms:play-services-basement:10.2.0:19:5
MERGED from com.android.support:support-v4:24.0.0:25:5
MERGED from com.google.android.gms:play-services-clearcut:10.2.0:18:5
MERGED from com.google.android.gms:play-services-base:10.2.0:18:5
MERGED from com.google.android.gms:play-services-basement:10.2.0:19:5
MERGED from com.android.support:support-v4:24.0.0:25:5
MERGED from com.google.android.gms:play-services-tasks:10.2.0:4:5
MERGED from com.google.android.gms:play-services-basement:10.2.0:19:5
MERGED from com.android.support:support-v4:24.0.0:25:5
MERGED from com.google.android.gms:play-services-basement:10.2.0:19:5
MERGED from com.android.support:support-v4:24.0.0:25:5
MERGED from com.google.android.gms:play-services-basement:10.2.0:19:5
MERGED from com.android.support:support-v4:24.0.0:25:5
MERGED from com.google.android.gms:play-services-gass:10.2.0:4:5
MERGED from com.google.android.gms:play-services-basement:10.2.0:19:5
MERGED from com.android.support:support-v4:24.0.0:25:5
MERGED from com.google.firebase:firebase-analytics:10.2.0:24:5
MERGED from com.google.android.gms:play-services-basement:10.2.0:19:5
MERGED from com.android.support:support-v4:24.0.0:25:5
MERGED from com.google.firebase:firebase-common:10.2.0:4:5
MERGED from com.google.android.gms:play-services-basement:10.2.0:19:5
MERGED from com.android.support:support-v4:24.0.0:25:5
MERGED from com.google.android.gms:play-services-tasks:10.2.0:4:5
MERGED from com.google.android.gms:play-services-basement:10.2.0:19:5
MERGED from com.android.support:support-v4:24.0.0:25:5
MERGED from com.google.firebase:firebase-analytics-impl:10.2.0:24:5
MERGED from com.google.android.gms:play-services-basement:10.2.0:19:5
MERGED from com.android.support:support-v4:24.0.0:25:5
MERGED from com.google.firebase:firebase-iid:10.2.0:28:5
MERGED from com.google.android.gms:play-services-basement:10.2.0:19:5
MERGED from com.android.support:support-v4:24.0.0:25:5
MERGED from com.google.firebase:firebase-common:10.2.0:4:5
MERGED from com.google.android.gms:play-services-basement:10.2.0:19:5
MERGED from com.android.support:support-v4:24.0.0:25:5
MERGED from com.google.android.gms:play-services-tasks:10.2.0:4:5
MERGED from com.google.android.gms:play-services-basement:10.2.0:19:5
MERGED from com.android.support:support-v4:24.0.0:25:5
MERGED from com.google.firebase:firebase-common:10.2.0:4:5
MERGED from com.google.android.gms:play-services-basement:10.2.0:19:5
MERGED from com.android.support:support-v4:24.0.0:25:5
MERGED from com.google.android.gms:play-services-tasks:10.2.0:4:5
MERGED from com.google.android.gms:play-services-basement:10.2.0:19:5
MERGED from com.android.support:support-v4:24.0.0:25:5
MERGED from com.google.android.gms:play-services-tasks:10.2.0:4:5
MERGED from com.google.android.gms:play-services-basement:10.2.0:19:5
MERGED from com.android.support:support-v4:24.0.0:25:5
	android:label
		ADDED from AndroidManifest.xml:19:9
	android:hardwareAccelerated
		ADDED from com.github.chrisbanes.photoview:library:1.2.3:4:45
	android:allowBackup
		ADDED from AndroidManifest.xml:17:9
	android:icon
		ADDED from AndroidManifest.xml:18:9
	android:largeHeap
		ADDED from AndroidManifest.xml:20:9
	android:theme
		ADDED from AndroidManifest.xml:21:9
	android:name
		ADDED from AndroidManifest.xml:16:9
activity#com.mobapply.coolphotos.activity.AlbumsActivity
ADDED from AndroidManifest.xml:22:9
	android:label
		ADDED from AndroidManifest.xml:25:13
	android:launchMode
		ADDED from AndroidManifest.xml:26:13
	android:configChanges
		ADDED from AndroidManifest.xml:24:13
	android:name
		ADDED from AndroidManifest.xml:23:13
intent-filter#android.intent.action.MAIN+android.intent.category.LAUNCHER
ADDED from AndroidManifest.xml:27:13
action#android.intent.action.MAIN
ADDED from AndroidManifest.xml:28:17
	android:name
		ADDED from AndroidManifest.xml:28:25
category#android.intent.category.LAUNCHER
ADDED from AndroidManifest.xml:29:17
	android:name
		ADDED from AndroidManifest.xml:29:27
activity#com.mobapply.coolphotos.activity.SelectAlbumsActivity
ADDED from AndroidManifest.xml:32:9
	android:label
		ADDED from AndroidManifest.xml:35:13
	android:configChanges
		ADDED from AndroidManifest.xml:34:13
	android:name
		ADDED from AndroidManifest.xml:33:13
activity#com.mobapply.coolphotos.activity.PicturesActivity
ADDED from AndroidManifest.xml:36:9
	android:label
		ADDED from AndroidManifest.xml:39:13
	android:windowSoftInputMode
		ADDED from AndroidManifest.xml:40:13
	android:configChanges
		ADDED from AndroidManifest.xml:38:13
	android:name
		ADDED from AndroidManifest.xml:37:13
activity#com.mobapply.coolphotos.activity.SelectPicturesActivity
ADDED from AndroidManifest.xml:41:9
	android:label
		ADDED from AndroidManifest.xml:44:13
	android:configChanges
		ADDED from AndroidManifest.xml:43:13
	android:name
		ADDED from AndroidManifest.xml:42:13
activity#com.mobapply.coolphotos.activity.SettingsActivity
ADDED from AndroidManifest.xml:45:9
	android:label
		ADDED from AndroidManifest.xml:48:13
	android:configChanges
		ADDED from AndroidManifest.xml:47:13
	android:name
		ADDED from AndroidManifest.xml:46:13
activity#com.mobapply.coolphotos.activity.FullscreenPictureActivity
ADDED from AndroidManifest.xml:49:9
	android:label
		ADDED from AndroidManifest.xml:52:13
	android:launchMode
		ADDED from AndroidManifest.xml:53:13
	android:configChanges
		ADDED from AndroidManifest.xml:51:13
	android:theme
		ADDED from AndroidManifest.xml:54:13
	android:name
		ADDED from AndroidManifest.xml:50:13
activity#com.mobapply.coolphotos.activity.FullscreenPictureLongActivity
ADDED from AndroidManifest.xml:56:9
	android:label
		ADDED from AndroidManifest.xml:59:13
	android:launchMode
		ADDED from AndroidManifest.xml:60:13
	android:configChanges
		ADDED from AndroidManifest.xml:58:13
	android:theme
		ADDED from AndroidManifest.xml:61:13
	android:name
		ADDED from AndroidManifest.xml:57:13
provider#com.mobapply.coolphotos.provider.PictureProvider
ADDED from AndroidManifest.xml:63:9
	android:authorities
		ADDED from AndroidManifest.xml:65:13
	android:grantUriPermissions
		ADDED from AndroidManifest.xml:67:13
	android:exported
		ADDED from AndroidManifest.xml:66:13
	android:name
		ADDED from AndroidManifest.xml:64:13
service#com.mobapply.coolphotos.service.PictureService
ADDED from AndroidManifest.xml:69:9
	android:exported
		ADDED from AndroidManifest.xml:71:13
	android:name
		ADDED from AndroidManifest.xml:70:13
uses-sdk
INJECTED from AndroidManifest.xml:0:0 reason: use-sdk injection requested
MERGED from com.android.support:appcompat-v7:23.0.1:20:5
MERGED from com.android.support:support-v4:24.0.0:21:5
MERGED from com.android.support:design:23.0.1:20:5
MERGED from com.android.support:support-v4:24.0.0:21:5
MERGED from com.android.support:appcompat-v7:23.0.1:20:5
MERGED from com.android.support:support-v4:24.0.0:21:5
MERGED from org.adw.library:discrete-seekbar:1.0.0:23:5
MERGED from com.android.support:support-v4:24.0.0:21:5
MERGED from net.yazeed44.imagepicker:imagepicker:1.3.0:5:5
MERGED from com.android.support:appcompat-v7:23.0.1:20:5
MERGED from com.android.support:support-v4:24.0.0:21:5
MERGED from com.commonsware.cwac:cam2:0.2.3:5:5
MERGED from com.github.clans:fab:1.6.1:8:5
MERGED from com.android.support:recyclerview-v7:23.0.0:20:5
MERGED from com.android.support:support-v4:24.0.0:21:5
MERGED from com.github.chrisbanes.photoview:library:1.2.3:2:5
MERGED from com.android.support:support-v4:24.0.0:21:5
MERGED from com.android.support:design:23.0.1:20:5
MERGED from com.android.support:support-v4:24.0.0:21:5
MERGED from com.android.support:appcompat-v7:23.0.1:20:5
MERGED from com.android.support:support-v4:24.0.0:21:5
MERGED from com.melnykov:floatingactionbutton:1.3.0:8:5
MERGED from com.android.support:recyclerview-v7:23.0.0:20:5
MERGED from com.android.support:support-v4:24.0.0:21:5
MERGED from com.google.firebase:firebase-ads:10.2.0:4:5
MERGED from com.google.android.gms:play-services-ads:10.2.0:17:5
MERGED from com.google.android.gms:play-services-ads-lite:10.2.0:22:5
MERGED from com.google.android.gms:play-services-basement:10.2.0:17:5
MERGED from com.android.support:support-v4:24.0.0:21:5
MERGED from com.google.android.gms:play-services-base:10.2.0:17:5
MERGED from com.google.android.gms:play-services-basement:10.2.0:17:5
MERGED from com.android.support:support-v4:24.0.0:21:5
MERGED from com.google.android.gms:play-services-tasks:10.2.0:3:5
MERGED from com.google.android.gms:play-services-basement:10.2.0:17:5
MERGED from com.android.support:support-v4:24.0.0:21:5
MERGED from com.google.android.gms:play-services-clearcut:10.2.0:17:5
MERGED from com.google.android.gms:play-services-base:10.2.0:17:5
MERGED from com.google.android.gms:play-services-basement:10.2.0:17:5
MERGED from com.android.support:support-v4:24.0.0:21:5
MERGED from com.google.android.gms:play-services-tasks:10.2.0:3:5
MERGED from com.google.android.gms:play-services-basement:10.2.0:17:5
MERGED from com.android.support:support-v4:24.0.0:21:5
MERGED from com.google.android.gms:play-services-basement:10.2.0:17:5
MERGED from com.android.support:support-v4:24.0.0:21:5
MERGED from com.google.android.gms:play-services-basement:10.2.0:17:5
MERGED from com.android.support:support-v4:24.0.0:21:5
MERGED from com.google.android.gms:play-services-gass:10.2.0:3:5
MERGED from com.google.android.gms:play-services-basement:10.2.0:17:5
MERGED from com.android.support:support-v4:24.0.0:21:5
MERGED from com.google.firebase:firebase-analytics:10.2.0:17:5
MERGED from com.google.android.gms:play-services-basement:10.2.0:17:5
MERGED from com.android.support:support-v4:24.0.0:21:5
MERGED from com.google.firebase:firebase-common:10.2.0:3:5
MERGED from com.google.android.gms:play-services-basement:10.2.0:17:5
MERGED from com.android.support:support-v4:24.0.0:21:5
MERGED from com.google.android.gms:play-services-tasks:10.2.0:3:5
MERGED from com.google.android.gms:play-services-basement:10.2.0:17:5
MERGED from com.android.support:support-v4:24.0.0:21:5
MERGED from com.google.firebase:firebase-analytics-impl:10.2.0:17:5
MERGED from com.google.android.gms:play-services-basement:10.2.0:17:5
MERGED from com.android.support:support-v4:24.0.0:21:5
MERGED from com.google.firebase:firebase-iid:10.2.0:17:5
MERGED from com.google.android.gms:play-services-basement:10.2.0:17:5
MERGED from com.android.support:support-v4:24.0.0:21:5
MERGED from com.google.firebase:firebase-common:10.2.0:3:5
MERGED from com.google.android.gms:play-services-basement:10.2.0:17:5
MERGED from com.android.support:support-v4:24.0.0:21:5
MERGED from com.google.android.gms:play-services-tasks:10.2.0:3:5
MERGED from com.google.android.gms:play-services-basement:10.2.0:17:5
MERGED from com.android.support:support-v4:24.0.0:21:5
MERGED from com.google.firebase:firebase-common:10.2.0:3:5
MERGED from com.google.android.gms:play-services-basement:10.2.0:17:5
MERGED from com.android.support:support-v4:24.0.0:21:5
MERGED from com.google.android.gms:play-services-tasks:10.2.0:3:5
MERGED from com.google.android.gms:play-services-basement:10.2.0:17:5
MERGED from com.android.support:support-v4:24.0.0:21:5
MERGED from com.google.android.gms:play-services-tasks:10.2.0:3:5
MERGED from com.google.android.gms:play-services-basement:10.2.0:17:5
MERGED from com.android.support:support-v4:24.0.0:21:5
	tools:overrideLibrary
		ADDED from com.android.support:support-v4:24.0.0:23:9
	android:targetSdkVersion
		INJECTED from AndroidManifest.xml:0:0
		INJECTED from AndroidManifest.xml:0:0
	android:minSdkVersion
		INJECTED from AndroidManifest.xml:0:0
		INJECTED from AndroidManifest.xml:0:0
uses-permission#android.permission.READ_EXTERNAL_STORAGE
ADDED from net.yazeed44.imagepicker:imagepicker:1.3.0:9:5
	android:name
		ADDED from net.yazeed44.imagepicker:imagepicker:1.3.0:9:22
activity#net.yazeed44.imagepicker.ui.PickerActivity
ADDED from net.yazeed44.imagepicker:imagepicker:1.3.0:14:9
	android:name
		ADDED from net.yazeed44.imagepicker:imagepicker:1.3.0:14:19
service#net.yazeed44.imagepicker.util.OfflineSpiceService
ADDED from net.yazeed44.imagepicker:imagepicker:1.3.0:16:9
	android:exported
		ADDED from net.yazeed44.imagepicker:imagepicker:1.3.0:18:13
	android:name
		ADDED from net.yazeed44.imagepicker:imagepicker:1.3.0:17:13
uses-permission#android.permission.CAMERA
ADDED from com.commonsware.cwac:cam2:0.2.3:9:5
	android:name
		ADDED from com.commonsware.cwac:cam2:0.2.3:9:22
uses-permission#android.permission.RECORD_AUDIO
ADDED from com.commonsware.cwac:cam2:0.2.3:11:5
	android:name
		ADDED from com.commonsware.cwac:cam2:0.2.3:11:22
uses-feature#android.hardware.camera.front
ADDED from com.commonsware.cwac:cam2:0.2.3:16:5
	android:required
		ADDED from com.commonsware.cwac:cam2:0.2.3:18:9
	android:name
		ADDED from com.commonsware.cwac:cam2:0.2.3:17:9
uses-feature#android.hardware.camera.autofocus
ADDED from com.commonsware.cwac:cam2:0.2.3:19:5
	android:required
		ADDED from com.commonsware.cwac:cam2:0.2.3:21:9
	android:name
		ADDED from com.commonsware.cwac:cam2:0.2.3:20:9
uses-feature#android.hardware.microphone
ADDED from com.commonsware.cwac:cam2:0.2.3:22:5
	android:required
		ADDED from com.commonsware.cwac:cam2:0.2.3:24:9
	android:name
		ADDED from com.commonsware.cwac:cam2:0.2.3:23:9
activity#com.commonsware.cwac.cam2.CameraActivity
ADDED from com.commonsware.cwac:cam2:0.2.3:27:9
	android:name
		ADDED from com.commonsware.cwac:cam2:0.2.3:27:19
activity#com.commonsware.cwac.cam2.VideoRecorderActivity
ADDED from com.commonsware.cwac:cam2:0.2.3:28:9
	android:name
		ADDED from com.commonsware.cwac:cam2:0.2.3:28:19
uses-permission#android.permission.ACCESS_NETWORK_STATE
ADDED from com.google.android.gms:play-services-ads-lite:10.2.0:20:5
MERGED from com.google.firebase:firebase-analytics:10.2.0:21:5
MERGED from com.google.firebase:firebase-analytics-impl:10.2.0:21:5
MERGED from com.google.firebase:firebase-iid:10.2.0:19:5
	android:name
		ADDED from com.google.android.gms:play-services-ads-lite:10.2.0:20:22
activity#com.google.android.gms.ads.AdActivity
ADDED from com.google.android.gms:play-services-ads-lite:10.2.0:25:9
	android:configChanges
		ADDED from com.google.android.gms:play-services-ads-lite:10.2.0:25:72
	android:theme
		ADDED from com.google.android.gms:play-services-ads-lite:10.2.0:25:182
	android:name
		ADDED from com.google.android.gms:play-services-ads-lite:10.2.0:25:19
activity#com.google.android.gms.ads.purchase.InAppPurchaseActivity
ADDED from com.google.android.gms:play-services-ads-lite:10.2.0:26:9
	android:theme
		ADDED from com.google.android.gms:play-services-ads-lite:10.2.0:26:92
	android:name
		ADDED from com.google.android.gms:play-services-ads-lite:10.2.0:26:19
meta-data#com.google.android.gms.version
ADDED from com.google.android.gms:play-services-basement:10.2.0:20:9
MERGED from com.google.android.gms:play-services-basement:10.2.0:20:9
MERGED from com.google.android.gms:play-services-basement:10.2.0:20:9
MERGED from com.google.android.gms:play-services-basement:10.2.0:20:9
MERGED from com.google.android.gms:play-services-basement:10.2.0:20:9
MERGED from com.google.android.gms:play-services-basement:10.2.0:20:9
MERGED from com.google.android.gms:play-services-basement:10.2.0:20:9
MERGED from com.google.android.gms:play-services-basement:10.2.0:20:9
MERGED from com.google.android.gms:play-services-basement:10.2.0:20:9
MERGED from com.google.android.gms:play-services-basement:10.2.0:20:9
MERGED from com.google.android.gms:play-services-basement:10.2.0:20:9
MERGED from com.google.android.gms:play-services-basement:10.2.0:20:9
MERGED from com.google.android.gms:play-services-basement:10.2.0:20:9
MERGED from com.google.android.gms:play-services-basement:10.2.0:20:9
MERGED from com.google.android.gms:play-services-basement:10.2.0:20:9
MERGED from com.google.android.gms:play-services-basement:10.2.0:20:9
MERGED from com.google.android.gms:play-services-basement:10.2.0:20:9
MERGED from com.google.android.gms:play-services-basement:10.2.0:20:9
	android:value
		ADDED from com.google.android.gms:play-services-basement:10.2.0:20:66
	android:name
		ADDED from com.google.android.gms:play-services-basement:10.2.0:20:20
activity#com.google.android.gms.common.api.GoogleApiActivity
ADDED from com.google.android.gms:play-services-base:10.2.0:19:9
MERGED from com.google.android.gms:play-services-base:10.2.0:19:9
	android:exported
		ADDED from com.google.android.gms:play-services-base:10.2.0:19:146
	android:theme
		ADDED from com.google.android.gms:play-services-base:10.2.0:19:86
	android:name
		ADDED from com.google.android.gms:play-services-base:10.2.0:19:19
uses-permission#android.permission.WAKE_LOCK
ADDED from com.google.firebase:firebase-analytics:10.2.0:22:5
MERGED from com.google.firebase:firebase-analytics-impl:10.2.0:22:5
MERGED from com.google.firebase:firebase-iid:10.2.0:21:5
	android:name
		ADDED from com.google.firebase:firebase-analytics:10.2.0:22:22
receiver#com.google.android.gms.measurement.AppMeasurementReceiver
ADDED from com.google.firebase:firebase-analytics:10.2.0:25:7
MERGED from com.google.firebase:firebase-analytics-impl:10.2.0:25:7
	android:enabled
		ADDED from com.google.firebase:firebase-analytics:10.2.0:25:90
	android:exported
		ADDED from com.google.firebase:firebase-analytics:10.2.0:25:113
	android:name
		ADDED from com.google.firebase:firebase-analytics:10.2.0:25:17
receiver#com.google.android.gms.measurement.AppMeasurementInstallReferrerReceiver
ADDED from com.google.firebase:firebase-analytics:10.2.0:27:7
	android:enabled
		ADDED from com.google.firebase:firebase-analytics:10.2.0:27:162
	android:permission
		ADDED from com.google.firebase:firebase-analytics:10.2.0:27:105
	android:name
		ADDED from com.google.firebase:firebase-analytics:10.2.0:27:17
intent-filter#com.android.vending.INSTALL_REFERRER
ADDED from com.google.firebase:firebase-analytics:10.2.0:28:11
action#com.android.vending.INSTALL_REFERRER
ADDED from com.google.firebase:firebase-analytics:10.2.0:29:15
	android:name
		ADDED from com.google.firebase:firebase-analytics:10.2.0:29:23
service#com.google.android.gms.measurement.AppMeasurementService
ADDED from com.google.firebase:firebase-analytics:10.2.0:32:7
MERGED from com.google.firebase:firebase-analytics-impl:10.2.0:27:7
	android:enabled
		ADDED from com.google.firebase:firebase-analytics:10.2.0:32:88
	android:exported
		ADDED from com.google.firebase:firebase-analytics:10.2.0:32:111
	android:name
		ADDED from com.google.firebase:firebase-analytics:10.2.0:32:16
provider#com.google.firebase.provider.FirebaseInitProvider
ADDED from com.google.firebase:firebase-common:10.2.0:6:9
MERGED from com.google.firebase:firebase-common:10.2.0:6:9
MERGED from com.google.firebase:firebase-common:10.2.0:6:9
	android:authorities
		ADDED from com.google.firebase:firebase-common:10.2.0:6:19
	android:exported
		ADDED from com.google.firebase:firebase-common:10.2.0:6:144
	android:initOrder
		ADDED from com.google.firebase:firebase-common:10.2.0:6:169
	android:name
		ADDED from com.google.firebase:firebase-common:10.2.0:6:79
uses-permission#com.google.android.c2dm.permission.RECEIVE
ADDED from com.google.firebase:firebase-iid:10.2.0:22:5
	android:name
		ADDED from com.google.firebase:firebase-iid:10.2.0:22:22
permission#${applicationId}.permission.C2D_MESSAGE
ADDED from com.google.firebase:firebase-iid:10.2.0:24:5
	android:protectionLevel
		ADDED from com.google.firebase:firebase-iid:10.2.0:24:72
	android:name
		ADDED from com.google.firebase:firebase-iid:10.2.0:24:17
uses-permission#${applicationId}.permission.C2D_MESSAGE
ADDED from com.google.firebase:firebase-iid:10.2.0:26:5
	android:name
		ADDED from com.google.firebase:firebase-iid:10.2.0:26:22
receiver#com.google.firebase.iid.FirebaseInstanceIdReceiver
ADDED from com.google.firebase:firebase-iid:10.2.0:30:9
	android:exported
		ADDED from com.google.firebase:firebase-iid:10.2.0:30:85
	android:permission
		ADDED from com.google.firebase:firebase-iid:10.2.0:30:109
	android:name
		ADDED from com.google.firebase:firebase-iid:10.2.0:30:19
intent-filter#${applicationId}+com.google.android.c2dm.intent.RECEIVE+com.google.android.c2dm.intent.REGISTRATION
ADDED from com.google.firebase:firebase-iid:10.2.0:31:13
action#com.google.android.c2dm.intent.RECEIVE
ADDED from com.google.firebase:firebase-iid:10.2.0:32:17
	android:name
		ADDED from com.google.firebase:firebase-iid:10.2.0:32:25
action#com.google.android.c2dm.intent.REGISTRATION
ADDED from com.google.firebase:firebase-iid:10.2.0:33:17
	android:name
		ADDED from com.google.firebase:firebase-iid:10.2.0:33:25
category#${applicationId}
ADDED from com.google.firebase:firebase-iid:10.2.0:34:17
	android:name
		ADDED from com.google.firebase:firebase-iid:10.2.0:34:27
receiver#com.google.firebase.iid.FirebaseInstanceIdInternalReceiver
ADDED from com.google.firebase:firebase-iid:10.2.0:40:9
	android:exported
		ADDED from com.google.firebase:firebase-iid:10.2.0:40:93
	android:name
		ADDED from com.google.firebase:firebase-iid:10.2.0:40:19
service#com.google.firebase.iid.FirebaseInstanceIdService
ADDED from com.google.firebase:firebase-iid:10.2.0:44:9
	android:exported
		ADDED from com.google.firebase:firebase-iid:10.2.0:44:83
	android:name
		ADDED from com.google.firebase:firebase-iid:10.2.0:44:18
intent-filter#com.google.firebase.INSTANCE_ID_EVENT
ADDED from com.google.firebase:firebase-iid:10.2.0:45:13
	android:priority
		ADDED from com.google.firebase:firebase-iid:10.2.0:45:28
action#com.google.firebase.INSTANCE_ID_EVENT
ADDED from com.google.firebase:firebase-iid:10.2.0:46:17
	android:name
		ADDED from com.google.firebase:firebase-iid:10.2.0:46:25